2025-06-20 16:34:03,702 - INFO - FollowingCrawler:__init__ - 初始化爬虫，循环次数: 1, 输入文件: twitter_users.json, 输出数据库: following1.db, following阈值: 2200
2025-06-20 16:34:03,734 - INFO - FollowingCrawler:_init_database - 数据库初始化完成
2025-06-20 16:34:03,734 - INFO - FollowingCrawler:run - 开始执行run方法，输入文件: twitter_users.json
2025-06-20 16:34:03,734 - INFO - FollowingCrawler:run - 检测到JSON输入文件，开始加载种子用户
2025-06-20 16:34:03,734 - INFO - FollowingCrawler:load_seed_users - 从JSON文件加载了数据类型: <class 'list'>, 长度: 2
2025-06-20 16:34:03,735 - INFO - FollowingCrawler:load_seed_users - 第一个用户数据: {"user_id": "1373081719834775554", "username": "connectfarm1", "name": "潜水观察员 🇨🇳", "description": "不被定义，头衔太多就不写了｜新人用ok: https://t.co/f52uvW5oK5｜链上神器：https://t.co/vci2xnFL0L ｜四亿用户在币安：https://t.co/cKzZoL9bvx", "followers_count": 118292, "friends_count": 1659, "tweets_count": 11313, "register_date": "2021-03-20", "avatar": "https://pbs.twimg.com/profile_images/1896754276699082752/Z6OKc6D1_normal.jpg", "banner": "https://pbs.twimg.com/profile_banners/1373081719834775554/1655043945", "verified": 1, "can_dm": 1, "last_updated": "2025-06-20 16:33:55"}
2025-06-20 16:34:03,735 - INFO - FollowingCrawler:run - 加载了 2 个种子用户
2025-06-20 16:34:03,735 - INFO - FollowingCrawler:run - 已按followers_count降序排列作者
2025-06-20 16:34:03,735 - INFO - FollowingCrawler:run - 用户分布：低following用户(2)，高following用户(0)
2025-06-20 16:34:03,735 - INFO - FollowingCrawler:run - 处理第 1/2 个作者: connectfarm1 (following: 1659)
2025-06-20 16:34:03,735 - INFO - FollowingCrawler:process_author - 开始处理用户: connectfarm1 (following: 1659)
2025-06-20 16:34:03,735 - INFO - FollowingCrawler:get_user_following - 开始获取用户 connectfarm1 (ID:1373081719834775554) 的following... (friends_count: 1659)
2025-06-20 16:34:03,735 - INFO - FollowingCrawler:get_user_following - 开始请求API, 尝试次数: 1/3
2025-06-20 16:34:03,735 - INFO - FollowingCrawler:get_user_following - 请求URL: https://api.tweetscout.io/v2/follows, Params: {'user_id': '1373081719834775554', 'limit': 100, 'order_by': 'score'}
2025-06-20 16:35:15,464 - INFO - FollowingCrawler:get_user_following - API响应状态码: 200
2025-06-20 16:35:15,474 - INFO - FollowingCrawler:get_user_following - 成功获取数据，条目数: 1659
2025-06-20 16:35:15,474 - INFO - FollowingCrawler:get_user_following - 过滤后following数量(>2000): 1439/1659
2025-06-20 16:35:15,474 - INFO - FollowingCrawler:get_user_following - Retrieved 1439 filtered following (>2000) for connectfarm1 (remain 10000)
2025-06-20 16:35:15,475 - INFO - FollowingCrawler:process_author - 将1439个用户分为29批处理，每批50个
2025-06-20 16:35:15,475 - INFO - FollowingCrawler:process_author - 处理第1/29批用户...
2025-06-20 16:35:15,484 - INFO - FollowingCrawler:process_author - 批量保存成功，本批次新增50个用户
2025-06-20 16:35:15,484 - INFO - FollowingCrawler:process_author - 第1批处理完成，耗时0.01秒，平均每用户0.0002秒
2025-06-20 16:35:15,985 - INFO - FollowingCrawler:process_author - 处理第2/29批用户...
2025-06-20 16:35:15,994 - INFO - FollowingCrawler:process_author - 批量保存成功，本批次新增50个用户
2025-06-20 16:35:15,994 - INFO - FollowingCrawler:process_author - 第2批处理完成，耗时0.01秒，平均每用户0.0002秒
2025-06-20 16:35:16,495 - INFO - FollowingCrawler:process_author - 处理第3/29批用户...
2025-06-20 16:35:16,503 - INFO - FollowingCrawler:process_author - 批量保存成功，本批次新增50个用户
2025-06-20 16:35:16,503 - INFO - FollowingCrawler:process_author - 第3批处理完成，耗时0.01秒，平均每用户0.0002秒
2025-06-20 16:35:17,004 - INFO - FollowingCrawler:process_author - 处理第4/29批用户...
2025-06-20 16:35:17,013 - INFO - FollowingCrawler:process_author - 批量保存成功，本批次新增50个用户
2025-06-20 16:35:17,013 - INFO - FollowingCrawler:process_author - 第4批处理完成，耗时0.01秒，平均每用户0.0002秒
2025-06-20 16:35:17,514 - INFO - FollowingCrawler:process_author - 处理第5/29批用户...
2025-06-20 16:35:17,522 - INFO - FollowingCrawler:process_author - 批量保存成功，本批次新增50个用户
2025-06-20 16:35:17,522 - INFO - FollowingCrawler:process_author - 第5批处理完成，耗时0.01秒，平均每用户0.0002秒
2025-06-20 16:35:18,023 - INFO - FollowingCrawler:process_author - 处理第6/29批用户...
2025-06-20 16:35:18,030 - INFO - FollowingCrawler:process_author - 批量保存成功，本批次新增50个用户
2025-06-20 16:35:18,030 - INFO - FollowingCrawler:process_author - 第6批处理完成，耗时0.01秒，平均每用户0.0002秒
2025-06-20 16:35:18,531 - INFO - FollowingCrawler:process_author - 处理第7/29批用户...
2025-06-20 16:35:18,540 - INFO - FollowingCrawler:process_author - 批量保存成功，本批次新增50个用户
2025-06-20 16:35:18,540 - INFO - FollowingCrawler:process_author - 第7批处理完成，耗时0.01秒，平均每用户0.0002秒
2025-06-20 16:35:19,041 - INFO - FollowingCrawler:process_author - 处理第8/29批用户...
2025-06-20 16:35:19,051 - INFO - FollowingCrawler:process_author - 批量保存成功，本批次新增50个用户
2025-06-20 16:35:19,051 - INFO - FollowingCrawler:process_author - 第8批处理完成，耗时0.01秒，平均每用户0.0002秒
2025-06-20 16:35:19,551 - INFO - FollowingCrawler:process_author - 处理第9/29批用户...
2025-06-20 16:35:19,560 - INFO - FollowingCrawler:process_author - 批量保存成功，本批次新增50个用户
2025-06-20 16:35:19,560 - INFO - FollowingCrawler:process_author - 第9批处理完成，耗时0.01秒，平均每用户0.0002秒
2025-06-20 16:35:20,061 - INFO - FollowingCrawler:process_author - 处理第10/29批用户...
2025-06-20 16:35:20,070 - INFO - FollowingCrawler:process_author - 批量保存成功，本批次新增50个用户
2025-06-20 16:35:20,070 - INFO - FollowingCrawler:process_author - 第10批处理完成，耗时0.01秒，平均每用户0.0002秒
2025-06-20 16:35:20,571 - INFO - FollowingCrawler:process_author - 处理第11/29批用户...
2025-06-20 16:35:20,580 - INFO - FollowingCrawler:process_author - 批量保存成功，本批次新增50个用户
2025-06-20 16:35:20,580 - INFO - FollowingCrawler:process_author - 第11批处理完成，耗时0.01秒，平均每用户0.0002秒
2025-06-20 16:35:21,081 - INFO - FollowingCrawler:process_author - 处理第12/29批用户...
2025-06-20 16:35:21,089 - INFO - FollowingCrawler:process_author - 批量保存成功，本批次新增50个用户
2025-06-20 16:35:21,089 - INFO - FollowingCrawler:process_author - 第12批处理完成，耗时0.01秒，平均每用户0.0002秒
2025-06-20 16:35:21,589 - INFO - FollowingCrawler:process_author - 处理第13/29批用户...
2025-06-20 16:35:21,598 - INFO - FollowingCrawler:process_author - 批量保存成功，本批次新增50个用户
2025-06-20 16:35:21,598 - INFO - FollowingCrawler:process_author - 第13批处理完成，耗时0.01秒，平均每用户0.0002秒
2025-06-20 16:35:22,099 - INFO - FollowingCrawler:process_author - 处理第14/29批用户...
2025-06-20 16:35:22,107 - INFO - FollowingCrawler:process_author - 批量保存成功，本批次新增50个用户
2025-06-20 16:35:22,107 - INFO - FollowingCrawler:process_author - 第14批处理完成，耗时0.01秒，平均每用户0.0002秒
2025-06-20 16:35:22,608 - INFO - FollowingCrawler:process_author - 处理第15/29批用户...
2025-06-20 16:35:22,619 - INFO - FollowingCrawler:process_author - 批量保存成功，本批次新增50个用户
2025-06-20 16:35:22,619 - INFO - FollowingCrawler:process_author - 第15批处理完成，耗时0.01秒，平均每用户0.0002秒
2025-06-20 16:35:23,119 - INFO - FollowingCrawler:process_author - 处理第16/29批用户...
2025-06-20 16:35:23,129 - INFO - FollowingCrawler:process_author - 批量保存成功，本批次新增50个用户
2025-06-20 16:35:23,129 - INFO - FollowingCrawler:process_author - 第16批处理完成，耗时0.01秒，平均每用户0.0002秒
2025-06-20 16:35:23,629 - INFO - FollowingCrawler:process_author - 处理第17/29批用户...
2025-06-20 16:35:23,640 - INFO - FollowingCrawler:process_author - 批量保存成功，本批次新增50个用户
2025-06-20 16:35:23,640 - INFO - FollowingCrawler:process_author - 第17批处理完成，耗时0.01秒，平均每用户0.0002秒
2025-06-20 16:35:24,141 - INFO - FollowingCrawler:process_author - 处理第18/29批用户...
2025-06-20 16:35:24,150 - INFO - FollowingCrawler:process_author - 批量保存成功，本批次新增50个用户
2025-06-20 16:35:24,150 - INFO - FollowingCrawler:process_author - 第18批处理完成，耗时0.01秒，平均每用户0.0002秒
2025-06-20 16:35:24,651 - INFO - FollowingCrawler:process_author - 处理第19/29批用户...
2025-06-20 16:35:24,662 - INFO - FollowingCrawler:process_author - 批量保存成功，本批次新增50个用户
2025-06-20 16:35:24,662 - INFO - FollowingCrawler:process_author - 第19批处理完成，耗时0.01秒，平均每用户0.0002秒
2025-06-20 16:35:25,163 - INFO - FollowingCrawler:process_author - 处理第20/29批用户...
2025-06-20 16:35:25,173 - INFO - FollowingCrawler:process_author - 批量保存成功，本批次新增50个用户
2025-06-20 16:35:25,173 - INFO - FollowingCrawler:process_author - 第20批处理完成，耗时0.01秒，平均每用户0.0002秒
2025-06-20 16:35:25,673 - INFO - FollowingCrawler:process_author - 处理第21/29批用户...
2025-06-20 16:35:25,684 - INFO - FollowingCrawler:process_author - 批量保存成功，本批次新增50个用户
2025-06-20 16:35:25,684 - INFO - FollowingCrawler:process_author - 第21批处理完成，耗时0.01秒，平均每用户0.0002秒
2025-06-20 16:35:26,186 - INFO - FollowingCrawler:process_author - 处理第22/29批用户...
2025-06-20 16:35:26,197 - INFO - FollowingCrawler:process_author - 批量保存成功，本批次新增50个用户
2025-06-20 16:35:26,197 - INFO - FollowingCrawler:process_author - 第22批处理完成，耗时0.01秒，平均每用户0.0002秒
2025-06-20 16:35:26,698 - INFO - FollowingCrawler:process_author - 处理第23/29批用户...
2025-06-20 16:35:26,708 - INFO - FollowingCrawler:process_author - 批量保存成功，本批次新增50个用户
2025-06-20 16:35:26,708 - INFO - FollowingCrawler:process_author - 第23批处理完成，耗时0.01秒，平均每用户0.0002秒
2025-06-20 16:35:27,209 - INFO - FollowingCrawler:process_author - 处理第24/29批用户...
2025-06-20 16:35:27,218 - INFO - FollowingCrawler:process_author - 批量保存成功，本批次新增50个用户
2025-06-20 16:35:27,219 - INFO - FollowingCrawler:process_author - 第24批处理完成，耗时0.01秒，平均每用户0.0002秒
2025-06-20 16:35:27,719 - INFO - FollowingCrawler:process_author - 处理第25/29批用户...
2025-06-20 16:35:27,731 - INFO - FollowingCrawler:process_author - 批量保存成功，本批次新增50个用户
2025-06-20 16:35:27,731 - INFO - FollowingCrawler:process_author - 第25批处理完成，耗时0.01秒，平均每用户0.0002秒
2025-06-20 16:35:28,232 - INFO - FollowingCrawler:process_author - 处理第26/29批用户...
2025-06-20 16:35:28,242 - INFO - FollowingCrawler:process_author - 批量保存成功，本批次新增50个用户
2025-06-20 16:35:28,242 - INFO - FollowingCrawler:process_author - 第26批处理完成，耗时0.01秒，平均每用户0.0002秒
2025-06-20 16:35:28,743 - INFO - FollowingCrawler:process_author - 处理第27/29批用户...
2025-06-20 16:35:28,753 - INFO - FollowingCrawler:process_author - 批量保存成功，本批次新增50个用户
2025-06-20 16:35:28,753 - INFO - FollowingCrawler:process_author - 第27批处理完成，耗时0.01秒，平均每用户0.0002秒
2025-06-20 16:35:29,254 - INFO - FollowingCrawler:process_author - 处理第28/29批用户...
2025-06-20 16:35:29,263 - INFO - FollowingCrawler:process_author - 批量保存成功，本批次新增50个用户
2025-06-20 16:35:29,263 - INFO - FollowingCrawler:process_author - 第28批处理完成，耗时0.01秒，平均每用户0.0002秒
2025-06-20 16:35:29,764 - INFO - FollowingCrawler:process_author - 处理第29/29批用户...
2025-06-20 16:35:29,775 - INFO - FollowingCrawler:process_author - 批量保存成功，本批次新增39个用户
2025-06-20 16:35:29,775 - INFO - FollowingCrawler:process_author - 第29批处理完成，耗时0.01秒，平均每用户0.0003秒
2025-06-20 16:35:29,780 - INFO - FollowingCrawler:process_author - Completed author connectfarm1, saved 1439 users (total_valid=1439), 总耗时: 86.05秒
2025-06-20 16:35:29,781 - INFO - FollowingCrawler:run - 该作者新增了 1439 个用户，当前总计: 1439/10000
2025-06-20 16:35:29,781 - INFO - FollowingCrawler:run - 处理第 2/2 个作者: Super4DeFi (following: 1723)
2025-06-20 16:35:29,781 - INFO - FollowingCrawler:process_author - 开始处理用户: Super4DeFi (following: 1723)
2025-06-20 16:35:29,781 - INFO - FollowingCrawler:get_user_following - 开始获取用户 Super4DeFi (ID:1377637009871798277) 的following... (friends_count: 1723)
2025-06-20 16:35:29,781 - INFO - FollowingCrawler:get_user_following - 开始请求API, 尝试次数: 1/3
2025-06-20 16:35:29,781 - INFO - FollowingCrawler:get_user_following - 请求URL: https://api.tweetscout.io/v2/follows, Params: {'user_id': '1377637009871798277', 'limit': 100, 'order_by': 'score'}
2025-06-20 16:37:27,167 - INFO - FollowingCrawler:get_user_following - API响应状态码: 200
2025-06-20 16:37:27,176 - INFO - FollowingCrawler:get_user_following - 成功获取数据，条目数: 1723
2025-06-20 16:37:27,176 - INFO - FollowingCrawler:get_user_following - 过滤后following数量(>2000): 1516/1723
2025-06-20 16:37:27,176 - INFO - FollowingCrawler:get_user_following - Retrieved 1516 filtered following (>2000) for Super4DeFi (remain 8561)
2025-06-20 16:37:27,176 - INFO - FollowingCrawler:process_author - 将1516个用户分为31批处理，每批50个
2025-06-20 16:37:27,176 - INFO - FollowingCrawler:process_author - 处理第1/31批用户...
2025-06-20 16:37:27,188 - INFO - FollowingCrawler:process_author - 批量保存成功，本批次新增50个用户
2025-06-20 16:37:27,188 - INFO - FollowingCrawler:process_author - 第1批处理完成，耗时0.01秒，平均每用户0.0002秒
2025-06-20 16:37:27,688 - INFO - FollowingCrawler:process_author - 处理第2/31批用户...
2025-06-20 16:37:27,700 - INFO - FollowingCrawler:process_author - 批量保存成功，本批次新增50个用户
2025-06-20 16:37:27,700 - INFO - FollowingCrawler:process_author - 第2批处理完成，耗时0.01秒，平均每用户0.0002秒
2025-06-20 16:37:28,200 - INFO - FollowingCrawler:process_author - 处理第3/31批用户...
2025-06-20 16:37:28,211 - INFO - FollowingCrawler:process_author - 批量保存成功，本批次新增50个用户
2025-06-20 16:37:28,211 - INFO - FollowingCrawler:process_author - 第3批处理完成，耗时0.01秒，平均每用户0.0002秒
2025-06-20 16:37:28,712 - INFO - FollowingCrawler:process_author - 处理第4/31批用户...
2025-06-20 16:37:28,724 - INFO - FollowingCrawler:process_author - 批量保存成功，本批次新增50个用户
2025-06-20 16:37:28,724 - INFO - FollowingCrawler:process_author - 第4批处理完成，耗时0.01秒，平均每用户0.0002秒
2025-06-20 16:37:29,224 - INFO - FollowingCrawler:process_author - 处理第5/31批用户...
2025-06-20 16:37:29,237 - INFO - FollowingCrawler:process_author - 批量保存成功，本批次新增50个用户
2025-06-20 16:37:29,238 - INFO - FollowingCrawler:process_author - 第5批处理完成，耗时0.01秒，平均每用户0.0003秒
2025-06-20 16:37:29,738 - INFO - FollowingCrawler:process_author - 处理第6/31批用户...
2025-06-20 16:37:29,749 - INFO - FollowingCrawler:process_author - 批量保存成功，本批次新增50个用户
2025-06-20 16:37:29,749 - INFO - FollowingCrawler:process_author - 第6批处理完成，耗时0.01秒，平均每用户0.0002秒
2025-06-20 16:37:30,250 - INFO - FollowingCrawler:process_author - 处理第7/31批用户...
2025-06-20 16:37:30,263 - INFO - FollowingCrawler:process_author - 批量保存成功，本批次新增50个用户
2025-06-20 16:37:30,263 - INFO - FollowingCrawler:process_author - 第7批处理完成，耗时0.01秒，平均每用户0.0003秒
2025-06-20 16:37:30,764 - INFO - FollowingCrawler:process_author - 处理第8/31批用户...
2025-06-20 16:37:30,775 - INFO - FollowingCrawler:process_author - 批量保存成功，本批次新增50个用户
2025-06-20 16:37:30,775 - INFO - FollowingCrawler:process_author - 第8批处理完成，耗时0.01秒，平均每用户0.0002秒
2025-06-20 16:37:31,276 - INFO - FollowingCrawler:process_author - 处理第9/31批用户...
2025-06-20 16:37:31,288 - INFO - FollowingCrawler:process_author - 批量保存成功，本批次新增50个用户
2025-06-20 16:37:31,289 - INFO - FollowingCrawler:process_author - 第9批处理完成，耗时0.01秒，平均每用户0.0003秒
2025-06-20 16:37:31,789 - INFO - FollowingCrawler:process_author - 处理第10/31批用户...
2025-06-20 16:37:31,802 - INFO - FollowingCrawler:process_author - 批量保存成功，本批次新增50个用户
2025-06-20 16:37:31,802 - INFO - FollowingCrawler:process_author - 第10批处理完成，耗时0.01秒，平均每用户0.0003秒
2025-06-20 16:37:32,303 - INFO - FollowingCrawler:process_author - 处理第11/31批用户...
2025-06-20 16:37:32,317 - INFO - FollowingCrawler:process_author - 批量保存成功，本批次新增50个用户
2025-06-20 16:37:32,317 - INFO - FollowingCrawler:process_author - 第11批处理完成，耗时0.01秒，平均每用户0.0003秒
2025-06-20 16:37:32,817 - INFO - FollowingCrawler:process_author - 处理第12/31批用户...
2025-06-20 16:37:32,830 - INFO - FollowingCrawler:process_author - 批量保存成功，本批次新增50个用户
2025-06-20 16:37:32,830 - INFO - FollowingCrawler:process_author - 第12批处理完成，耗时0.01秒，平均每用户0.0002秒
2025-06-20 16:37:33,330 - INFO - FollowingCrawler:process_author - 处理第13/31批用户...
2025-06-20 16:37:33,343 - INFO - FollowingCrawler:process_author - 批量保存成功，本批次新增50个用户
2025-06-20 16:37:33,343 - INFO - FollowingCrawler:process_author - 第13批处理完成，耗时0.01秒，平均每用户0.0002秒
2025-06-20 16:37:33,843 - INFO - FollowingCrawler:process_author - 处理第14/31批用户...
2025-06-20 16:37:33,857 - INFO - FollowingCrawler:process_author - 批量保存成功，本批次新增50个用户
2025-06-20 16:37:33,857 - INFO - FollowingCrawler:process_author - 第14批处理完成，耗时0.01秒，平均每用户0.0003秒
2025-06-20 16:37:34,358 - INFO - FollowingCrawler:process_author - 处理第15/31批用户...
2025-06-20 16:37:34,370 - INFO - FollowingCrawler:process_author - 批量保存成功，本批次新增50个用户
2025-06-20 16:37:34,370 - INFO - FollowingCrawler:process_author - 第15批处理完成，耗时0.01秒，平均每用户0.0002秒
2025-06-20 16:37:34,870 - INFO - FollowingCrawler:process_author - 处理第16/31批用户...
2025-06-20 16:37:34,884 - INFO - FollowingCrawler:process_author - 批量保存成功，本批次新增50个用户
2025-06-20 16:37:34,884 - INFO - FollowingCrawler:process_author - 第16批处理完成，耗时0.01秒，平均每用户0.0003秒
2025-06-20 16:37:35,386 - INFO - FollowingCrawler:process_author - 处理第17/31批用户...
2025-06-20 16:37:35,398 - INFO - FollowingCrawler:process_author - 批量保存成功，本批次新增50个用户
2025-06-20 16:37:35,398 - INFO - FollowingCrawler:process_author - 第17批处理完成，耗时0.01秒，平均每用户0.0003秒
2025-06-20 16:37:35,899 - INFO - FollowingCrawler:process_author - 处理第18/31批用户...
2025-06-20 16:37:35,912 - INFO - FollowingCrawler:process_author - 批量保存成功，本批次新增50个用户
2025-06-20 16:37:35,912 - INFO - FollowingCrawler:process_author - 第18批处理完成，耗时0.01秒，平均每用户0.0003秒
2025-06-20 16:37:36,413 - INFO - FollowingCrawler:process_author - 处理第19/31批用户...
2025-06-20 16:37:36,428 - INFO - FollowingCrawler:process_author - 批量保存成功，本批次新增50个用户
2025-06-20 16:37:36,428 - INFO - FollowingCrawler:process_author - 第19批处理完成，耗时0.02秒，平均每用户0.0003秒
2025-06-20 16:37:36,929 - INFO - FollowingCrawler:process_author - 处理第20/31批用户...
2025-06-20 16:37:36,944 - INFO - FollowingCrawler:process_author - 批量保存成功，本批次新增50个用户
2025-06-20 16:37:36,944 - INFO - FollowingCrawler:process_author - 第20批处理完成，耗时0.01秒，平均每用户0.0003秒
2025-06-20 16:37:37,444 - INFO - FollowingCrawler:process_author - 处理第21/31批用户...
2025-06-20 16:37:37,457 - INFO - FollowingCrawler:process_author - 批量保存成功，本批次新增50个用户
2025-06-20 16:37:37,457 - INFO - FollowingCrawler:process_author - 第21批处理完成，耗时0.01秒，平均每用户0.0003秒
2025-06-20 16:37:37,958 - INFO - FollowingCrawler:process_author - 处理第22/31批用户...
2025-06-20 16:37:37,969 - INFO - FollowingCrawler:process_author - 批量保存成功，本批次新增50个用户
2025-06-20 16:37:37,969 - INFO - FollowingCrawler:process_author - 第22批处理完成，耗时0.01秒，平均每用户0.0002秒
2025-06-20 16:37:38,470 - INFO - FollowingCrawler:process_author - 处理第23/31批用户...
2025-06-20 16:37:38,483 - INFO - FollowingCrawler:process_author - 批量保存成功，本批次新增50个用户
2025-06-20 16:37:38,483 - INFO - FollowingCrawler:process_author - 第23批处理完成，耗时0.01秒，平均每用户0.0003秒
2025-06-20 16:37:38,984 - INFO - FollowingCrawler:process_author - 处理第24/31批用户...
2025-06-20 16:37:38,996 - INFO - FollowingCrawler:process_author - 批量保存成功，本批次新增50个用户
2025-06-20 16:37:38,996 - INFO - FollowingCrawler:process_author - 第24批处理完成，耗时0.01秒，平均每用户0.0002秒
2025-06-20 16:37:39,496 - INFO - FollowingCrawler:process_author - 处理第25/31批用户...
2025-06-20 16:37:39,509 - INFO - FollowingCrawler:process_author - 批量保存成功，本批次新增50个用户
2025-06-20 16:37:39,509 - INFO - FollowingCrawler:process_author - 第25批处理完成，耗时0.01秒，平均每用户0.0003秒
2025-06-20 16:37:40,010 - INFO - FollowingCrawler:process_author - 处理第26/31批用户...
2025-06-20 16:37:40,023 - INFO - FollowingCrawler:process_author - 批量保存成功，本批次新增50个用户
2025-06-20 16:37:40,023 - INFO - FollowingCrawler:process_author - 第26批处理完成，耗时0.01秒，平均每用户0.0003秒
2025-06-20 16:37:40,524 - INFO - FollowingCrawler:process_author - 处理第27/31批用户...
2025-06-20 16:37:40,536 - INFO - FollowingCrawler:process_author - 批量保存成功，本批次新增50个用户
2025-06-20 16:37:40,536 - INFO - FollowingCrawler:process_author - 第27批处理完成，耗时0.01秒，平均每用户0.0002秒
2025-06-20 16:37:41,037 - INFO - FollowingCrawler:process_author - 处理第28/31批用户...
2025-06-20 16:37:41,050 - INFO - FollowingCrawler:process_author - 批量保存成功，本批次新增50个用户
2025-06-20 16:37:41,050 - INFO - FollowingCrawler:process_author - 第28批处理完成，耗时0.01秒，平均每用户0.0003秒
2025-06-20 16:37:41,551 - INFO - FollowingCrawler:process_author - 处理第29/31批用户...
2025-06-20 16:37:41,564 - INFO - FollowingCrawler:process_author - 批量保存成功，本批次新增50个用户
2025-06-20 16:37:41,564 - INFO - FollowingCrawler:process_author - 第29批处理完成，耗时0.01秒，平均每用户0.0003秒
2025-06-20 16:37:42,065 - INFO - FollowingCrawler:process_author - 处理第30/31批用户...
2025-06-20 16:37:42,078 - INFO - FollowingCrawler:process_author - 批量保存成功，本批次新增50个用户
2025-06-20 16:37:42,078 - INFO - FollowingCrawler:process_author - 第30批处理完成，耗时0.01秒，平均每用户0.0003秒
2025-06-20 16:37:42,579 - INFO - FollowingCrawler:process_author - 处理第31/31批用户...
2025-06-20 16:37:42,589 - INFO - FollowingCrawler:process_author - 批量保存成功，本批次新增16个用户
2025-06-20 16:37:42,589 - INFO - FollowingCrawler:process_author - 第31批处理完成，耗时0.01秒，平均每用户0.0006秒
2025-06-20 16:37:42,596 - INFO - FollowingCrawler:process_author - Completed author Super4DeFi, saved 1516 users (total_valid=2955), 总耗时: 132.82秒
2025-06-20 16:37:42,597 - INFO - FollowingCrawler:run - 该作者新增了 1516 个用户，当前总计: 2955/10000
2025-06-20 16:37:42,597 - INFO - FollowingCrawler:run - 循环完成统计:
2025-06-20 16:37:42,597 - INFO - FollowingCrawler:run -   - 处理作者数: 2/2
2025-06-20 16:37:42,597 - INFO - FollowingCrawler:run -   - 跳过高following用户: 0
2025-06-20 16:37:42,597 - INFO - FollowingCrawler:run -   - 新增有效用户: 2955
2025-06-20 16:37:42,597 - INFO - FollowingCrawler:run -   - 总计有效用户: 2955
2025-06-20 16:37:42,597 - INFO - FollowingCrawler:run -   - 总耗时: 218.86秒
