2025-07-01 15:16:21,611 - INFO - FollowingCrawler:__init__ - 初始化爬虫，循环次数: 2, 输入文件: /home/ec2-user/fullprogress1_21/fullprogress1_9/data/temp/following1.db, 输出数据库: /home/ec2-user/fullprogress1_21/fullprogress1_9/data/temp/following2.db, following阈值: 2200
2025-07-01 15:16:21,613 - INFO - FollowingCrawler:_load_existing_user_ids - 从排除数据库 /home/ec2-user/fullprogress1_21/fullprogress1_9/data/temp/following1.db 中加载了 986 个已存在用户ID
2025-07-01 15:16:21,647 - INFO - FollowingCrawler:_init_database - 数据库初始化完成
2025-07-01 15:16:21,647 - INFO - FollowingCrawler:run - 开始执行run方法，输入文件: /home/ec2-user/fullprogress1_21/fullprogress1_9/data/temp/following1.db
2025-07-01 15:16:21,647 - INFO - FollowingCrawler:run - 排除数据库: /home/ec2-user/fullprogress1_21/fullprogress1_9/data/temp/following1.db, 已加载 986 个已存在用户ID
2025-07-01 15:16:21,647 - INFO - FollowingCrawler:run - 检测到DB输入文件，开始从数据库加载用户
2025-07-01 15:16:21,649 - INFO - FollowingCrawler:load_users_from_db - 从数据库 /home/ec2-user/fullprogress1_21/fullprogress1_9/data/temp/following1.db 中读取了 986 个用户
2025-07-01 15:16:21,649 - INFO - FollowingCrawler:run - 加载了 986 个种子用户
2025-07-01 15:16:21,649 - INFO - FollowingCrawler:run - 已按followers_count降序排列作者
2025-07-01 15:16:21,649 - INFO - FollowingCrawler:run - 用户分布：低following用户(986)，高following用户(0)
2025-07-01 15:16:21,649 - INFO - FollowingCrawler:run - 处理第 1/986 个作者: X (following: 0)
2025-07-01 15:16:21,650 - INFO - FollowingCrawler:process_author - 开始处理用户: X (following: 0)
2025-07-01 15:16:21,650 - INFO - FollowingCrawler:get_user_following - 开始获取用户 X (ID:783214) 的following... (friends_count: 0)
2025-07-01 15:16:21,650 - INFO - FollowingCrawler:get_user_following - 开始请求API, 尝试次数: 1/3
2025-07-01 15:16:21,650 - INFO - FollowingCrawler:get_user_following - 请求URL: https://api.tweetscout.io/v2/follows, Params: {'user_id': '783214', 'limit': 100, 'order_by': 'score'}
2025-07-01 15:16:35,852 - INFO - FollowingCrawler:get_user_following - API响应状态码: 200
2025-07-01 15:16:35,852 - INFO - FollowingCrawler:get_user_following - 成功获取数据，条目数: 1
2025-07-01 15:16:35,852 - INFO - FollowingCrawler:get_user_following - 过滤后following数量(>2000): 1/1
2025-07-01 15:16:35,852 - INFO - FollowingCrawler:get_user_following - Retrieved 1 filtered following (>2000, 排除已存在) for X (remain 1000)
2025-07-01 15:16:35,852 - INFO - FollowingCrawler:process_author - 将1个用户分为1批处理，每批50个
2025-07-01 15:16:35,852 - INFO - FollowingCrawler:process_author - 处理第1/1批用户...
2025-07-01 15:16:35,858 - INFO - FollowingCrawler:process_author - 批量保存成功，本批次新增1个用户
2025-07-01 15:16:35,858 - INFO - FollowingCrawler:process_author - 第1批处理完成，耗时0.01秒，平均每用户0.0060秒
2025-07-01 15:16:35,863 - INFO - FollowingCrawler:process_author - Completed author X, saved 1 users (total_valid=1), 总耗时: 14.21秒
2025-07-01 15:16:35,863 - INFO - FollowingCrawler:run - 该作者新增了 1 个用户，当前总计: 1/1000
2025-07-01 15:16:35,863 - INFO - FollowingCrawler:run - 处理第 2/986 个作者: MrBeast (following: 0)
2025-07-01 15:16:35,863 - INFO - FollowingCrawler:process_author - 开始处理用户: MrBeast (following: 0)
2025-07-01 15:16:35,864 - INFO - FollowingCrawler:get_user_following - 开始获取用户 MrBeast (ID:2455740283) 的following... (friends_count: 0)
2025-07-01 15:16:35,864 - INFO - FollowingCrawler:get_user_following - 开始请求API, 尝试次数: 1/3
2025-07-01 15:16:35,864 - INFO - FollowingCrawler:get_user_following - 请求URL: https://api.tweetscout.io/v2/follows, Params: {'user_id': '2455740283', 'limit': 100, 'order_by': 'score'}
2025-07-01 15:17:55,795 - INFO - FollowingCrawler:get_user_following - API响应状态码: 200
2025-07-01 15:17:55,806 - INFO - FollowingCrawler:get_user_following - 成功获取数据，条目数: 2121
2025-07-01 15:17:55,809 - INFO - FollowingCrawler:_filter_existing_users - 排除了 20 个已存在用户，剩余 2085 个新用户
2025-07-01 15:17:55,809 - INFO - FollowingCrawler:get_user_following - 排除了 36 个已存在用户
2025-07-01 15:17:55,809 - INFO - FollowingCrawler:get_user_following - 过滤后following数量(>2000): 1704/2085
2025-07-01 15:17:55,809 - INFO - FollowingCrawler:get_user_following - Retrieved 999 filtered following (>2000, 排除已存在) for MrBeast (remain 999)
2025-07-01 15:17:55,809 - INFO - FollowingCrawler:process_author - 将999个用户分为20批处理，每批50个
2025-07-01 15:17:55,809 - INFO - FollowingCrawler:process_author - 处理第1/20批用户...
2025-07-01 15:17:55,818 - INFO - FollowingCrawler:process_author - 批量保存成功，本批次新增50个用户
2025-07-01 15:17:55,818 - INFO - FollowingCrawler:process_author - 第1批处理完成，耗时0.01秒，平均每用户0.0002秒
2025-07-01 15:17:56,319 - INFO - FollowingCrawler:process_author - 处理第2/20批用户...
2025-07-01 15:17:56,326 - INFO - FollowingCrawler:process_author - 批量保存成功，本批次新增50个用户
2025-07-01 15:17:56,326 - INFO - FollowingCrawler:process_author - 第2批处理完成，耗时0.01秒，平均每用户0.0002秒
2025-07-01 15:17:56,827 - INFO - FollowingCrawler:process_author - 处理第3/20批用户...
2025-07-01 15:17:56,835 - INFO - FollowingCrawler:process_author - 批量保存成功，本批次新增50个用户
2025-07-01 15:17:56,835 - INFO - FollowingCrawler:process_author - 第3批处理完成，耗时0.01秒，平均每用户0.0002秒
2025-07-01 15:17:57,336 - INFO - FollowingCrawler:process_author - 处理第4/20批用户...
2025-07-01 15:17:57,345 - INFO - FollowingCrawler:process_author - 批量保存成功，本批次新增50个用户
2025-07-01 15:17:57,346 - INFO - FollowingCrawler:process_author - 第4批处理完成，耗时0.01秒，平均每用户0.0002秒
2025-07-01 15:17:57,846 - INFO - FollowingCrawler:process_author - 处理第5/20批用户...
2025-07-01 15:17:57,854 - INFO - FollowingCrawler:process_author - 批量保存成功，本批次新增50个用户
2025-07-01 15:17:57,854 - INFO - FollowingCrawler:process_author - 第5批处理完成，耗时0.01秒，平均每用户0.0001秒
2025-07-01 15:17:58,354 - INFO - FollowingCrawler:process_author - 处理第6/20批用户...
2025-07-01 15:17:58,363 - INFO - FollowingCrawler:process_author - 批量保存成功，本批次新增50个用户
2025-07-01 15:17:58,363 - INFO - FollowingCrawler:process_author - 第6批处理完成，耗时0.01秒，平均每用户0.0002秒
2025-07-01 15:17:58,863 - INFO - FollowingCrawler:process_author - 处理第7/20批用户...
2025-07-01 15:17:58,873 - INFO - FollowingCrawler:process_author - 批量保存成功，本批次新增50个用户
2025-07-01 15:17:58,873 - INFO - FollowingCrawler:process_author - 第7批处理完成，耗时0.01秒，平均每用户0.0002秒
2025-07-01 15:17:59,374 - INFO - FollowingCrawler:process_author - 处理第8/20批用户...
2025-07-01 15:17:59,384 - INFO - FollowingCrawler:process_author - 批量保存成功，本批次新增50个用户
2025-07-01 15:17:59,384 - INFO - FollowingCrawler:process_author - 第8批处理完成，耗时0.01秒，平均每用户0.0002秒
2025-07-01 15:17:59,885 - INFO - FollowingCrawler:process_author - 处理第9/20批用户...
2025-07-01 15:17:59,892 - INFO - FollowingCrawler:process_author - 批量保存成功，本批次新增50个用户
2025-07-01 15:17:59,892 - INFO - FollowingCrawler:process_author - 第9批处理完成，耗时0.01秒，平均每用户0.0002秒
2025-07-01 15:18:00,393 - INFO - FollowingCrawler:process_author - 处理第10/20批用户...
2025-07-01 15:18:00,402 - INFO - FollowingCrawler:process_author - 批量保存成功，本批次新增50个用户
2025-07-01 15:18:00,402 - INFO - FollowingCrawler:process_author - 第10批处理完成，耗时0.01秒，平均每用户0.0002秒
2025-07-01 15:18:00,903 - INFO - FollowingCrawler:process_author - 处理第11/20批用户...
2025-07-01 15:18:00,913 - INFO - FollowingCrawler:process_author - 批量保存成功，本批次新增50个用户
2025-07-01 15:18:00,913 - INFO - FollowingCrawler:process_author - 第11批处理完成，耗时0.01秒，平均每用户0.0002秒
2025-07-01 15:18:01,414 - INFO - FollowingCrawler:process_author - 处理第12/20批用户...
2025-07-01 15:18:01,423 - INFO - FollowingCrawler:process_author - 批量保存成功，本批次新增50个用户
2025-07-01 15:18:01,423 - INFO - FollowingCrawler:process_author - 第12批处理完成，耗时0.01秒，平均每用户0.0002秒
2025-07-01 15:18:01,923 - INFO - FollowingCrawler:process_author - 处理第13/20批用户...
2025-07-01 15:18:01,933 - INFO - FollowingCrawler:process_author - 批量保存成功，本批次新增50个用户
2025-07-01 15:18:01,933 - INFO - FollowingCrawler:process_author - 第13批处理完成，耗时0.01秒，平均每用户0.0002秒
2025-07-01 15:18:02,434 - INFO - FollowingCrawler:process_author - 处理第14/20批用户...
2025-07-01 15:18:02,443 - INFO - FollowingCrawler:process_author - 批量保存成功，本批次新增50个用户
2025-07-01 15:18:02,443 - INFO - FollowingCrawler:process_author - 第14批处理完成，耗时0.01秒，平均每用户0.0002秒
2025-07-01 15:18:02,943 - INFO - FollowingCrawler:process_author - 处理第15/20批用户...
2025-07-01 15:18:02,952 - INFO - FollowingCrawler:process_author - 批量保存成功，本批次新增50个用户
2025-07-01 15:18:02,952 - INFO - FollowingCrawler:process_author - 第15批处理完成，耗时0.01秒，平均每用户0.0002秒
2025-07-01 15:18:03,453 - INFO - FollowingCrawler:process_author - 处理第16/20批用户...
2025-07-01 15:18:03,462 - INFO - FollowingCrawler:process_author - 批量保存成功，本批次新增50个用户
2025-07-01 15:18:03,462 - INFO - FollowingCrawler:process_author - 第16批处理完成，耗时0.01秒，平均每用户0.0002秒
2025-07-01 15:18:03,963 - INFO - FollowingCrawler:process_author - 处理第17/20批用户...
2025-07-01 15:18:03,971 - INFO - FollowingCrawler:process_author - 批量保存成功，本批次新增50个用户
2025-07-01 15:18:03,971 - INFO - FollowingCrawler:process_author - 第17批处理完成，耗时0.01秒，平均每用户0.0002秒
2025-07-01 15:18:04,472 - INFO - FollowingCrawler:process_author - 处理第18/20批用户...
2025-07-01 15:18:04,482 - INFO - FollowingCrawler:process_author - 批量保存成功，本批次新增50个用户
2025-07-01 15:18:04,483 - INFO - FollowingCrawler:process_author - 第18批处理完成，耗时0.01秒，平均每用户0.0002秒
2025-07-01 15:18:04,983 - INFO - FollowingCrawler:process_author - 处理第19/20批用户...
2025-07-01 15:18:04,992 - INFO - FollowingCrawler:process_author - 批量保存成功，本批次新增50个用户
2025-07-01 15:18:04,992 - INFO - FollowingCrawler:process_author - 第19批处理完成，耗时0.01秒，平均每用户0.0002秒
2025-07-01 15:18:05,492 - INFO - FollowingCrawler:process_author - 处理第20/20批用户...
2025-07-01 15:18:05,501 - INFO - FollowingCrawler:process_author - 批量保存成功，本批次新增49个用户
2025-07-01 15:18:05,502 - INFO - FollowingCrawler:process_author - 第20批处理完成，耗时0.01秒，平均每用户0.0002秒
2025-07-01 15:18:05,507 - INFO - FollowingCrawler:process_author - Completed author MrBeast, saved 999 users (total_valid=1000), 总耗时: 89.64秒
2025-07-01 15:18:05,507 - INFO - FollowingCrawler:run - 该作者新增了 999 个用户，当前总计: 1000/1000
2025-07-01 15:18:05,507 - INFO - FollowingCrawler:run - 处理第 3/986 个作者: Snoop Dogg (following: 0)
2025-07-01 15:18:05,507 - INFO - FollowingCrawler:run - 已达到阈值 1000，停止处理更多作者
2025-07-01 15:18:05,507 - INFO - FollowingCrawler:run - 循环完成统计:
2025-07-01 15:18:05,507 - INFO - FollowingCrawler:run -   - 处理作者数: 2/986
2025-07-01 15:18:05,507 - INFO - FollowingCrawler:run -   - 跳过高following用户: 0
2025-07-01 15:18:05,507 - INFO - FollowingCrawler:run -   - 新增有效用户: 1000
2025-07-01 15:18:05,508 - INFO - FollowingCrawler:run -   - 总计有效用户: 1000
2025-07-01 15:18:05,508 - INFO - FollowingCrawler:run -   - 排除的已存在用户: 986
2025-07-01 15:18:05,508 - INFO - FollowingCrawler:run -   - 总耗时: 103.86秒
