2025-07-01 10:23:24,107 - INFO - Creating new database at ../data/temp/twitter_users.db
2025-07-01 10:23:24,133 - ERROR - Input file ../data/input/author.json does not exist
2025-07-01 10:23:24,133 - WARNING - No usernames provided. Exiting.
2025-07-01 10:23:24,134 - INFO - Database connection closed
2025-07-01 10:23:24,134 - INFO - Crawler finished, database connection closed (within run, export_json=True)
2025-07-01 10:34:06,619 - INFO - Loaded 2 usernames from /home/ec2-user/fullprogress1_17/fullprogress1_9/data/input/author.json
2025-07-01 10:34:06,619 - INFO - Starting to process 2 usernames
2025-07-01 10:34:06,619 - INFO - Processing username: connectfarm1
2025-07-01 10:34:07,951 - INFO - Retrieved user info for connectfarm1
2025-07-01 10:34:07,957 - INFO - Saved user information for connectfarm1 (ID: 1373081719834775554)
2025-07-01 10:34:08,959 - INFO - Processing username: Super4DeFi
2025-07-01 10:34:09,849 - INFO - Retrieved user info for Super4DeFi
2025-07-01 10:34:09,855 - INFO - Saved user information for Super4DeFi (ID: 1377637009871798277)
2025-07-01 10:34:10,856 - INFO - 
Crawling Statistics:
2025-07-01 10:34:10,856 - INFO - Total users collected: 2
2025-07-01 10:34:10,856 - INFO - User with most followers: connectfarm1 (118760 followers)
2025-07-01 10:34:10,856 - INFO - Verified users: 2
2025-07-01 10:34:10,856 - INFO - Non-verified users: 0
2025-07-01 10:34:10,856 - INFO - Exported 2 users to /home/ec2-user/fullprogress1_17/fullprogress1_9/data/input/twitter_users.json
2025-07-01 10:34:10,857 - INFO - Database connection closed
2025-07-01 10:34:10,857 - INFO - Crawler finished, database connection closed (within run, export_json=True)
2025-07-01 15:14:36,117 - INFO - Loaded 10 usernames from /home/ec2-user/fullprogress1_21/fullprogress1_9/data/input/author.json
2025-07-01 15:14:36,117 - INFO - Starting to process 10 usernames
2025-07-01 15:14:36,118 - INFO - Processing username: VitalikButerin
2025-07-01 15:14:40,603 - INFO - Retrieved user info for VitalikButerin
2025-07-01 15:14:40,609 - INFO - Saved user information for VitalikButerin (ID: 295218901)
2025-07-01 15:14:41,611 - INFO - Processing username: gmoneyNFT
2025-07-01 15:14:42,541 - INFO - Retrieved user info for gmoneyNFT
2025-07-01 15:14:42,547 - INFO - Saved user information for gmoneyNFT (ID: 1311393885806100481)
2025-07-01 15:14:43,549 - INFO - Processing username: Optimism
2025-07-01 15:14:44,435 - INFO - Retrieved user info for Optimism
2025-07-01 15:14:44,441 - INFO - Saved user information for Optimism (ID: 1044836083530452992)
2025-07-01 15:14:45,442 - INFO - Processing username: Arthur_0x
2025-07-01 15:14:46,296 - INFO - Retrieved user info for Arthur_0x
2025-07-01 15:14:46,303 - INFO - Saved user information for Arthur_0x (ID: 1357451976)
2025-07-01 15:14:47,304 - INFO - Processing username: sandeepnailwal
2025-07-01 15:14:48,222 - INFO - Retrieved user info for sandeepnailwal
2025-07-01 15:14:48,228 - INFO - Saved user information for sandeepnailwal (ID: 100798845)
2025-07-01 15:14:49,229 - INFO - Processing username: berachain
2025-07-01 15:14:50,201 - INFO - Retrieved user info for berachain
2025-07-01 15:14:50,207 - INFO - Saved user information for berachain (ID: 1471917994762670081)
2025-07-01 15:14:51,209 - INFO - Processing username: BNBCHAIN
2025-07-01 15:14:52,129 - INFO - Retrieved user info for BNBCHAIN
2025-07-01 15:14:52,134 - INFO - Saved user information for BNBCHAIN (ID: 1052454006537314306)
2025-07-01 15:14:53,135 - INFO - Processing username: bubblemaps
2025-07-01 15:14:53,967 - INFO - Retrieved user info for bubblemaps
2025-07-01 15:14:53,972 - INFO - Saved user information for bubblemaps (ID: 1385312402795859968)
2025-07-01 15:14:54,973 - INFO - Processing username: heyibinance
2025-07-01 15:14:55,852 - INFO - Retrieved user info for heyibinance
2025-07-01 15:14:55,857 - INFO - Saved user information for heyibinance (ID: 1003840309166366721)
2025-07-01 15:14:56,859 - INFO - Processing username: TrippyLabs
2025-07-01 15:14:57,717 - INFO - Retrieved user info for TrippyLabs
2025-07-01 15:14:57,725 - INFO - Saved user information for TrippyLabs (ID: 1427195151688994822)
2025-07-01 15:14:58,726 - INFO - Processed 10/10 usernames
2025-07-01 15:14:58,726 - INFO - 
Crawling Statistics:
2025-07-01 15:14:58,727 - INFO - Total users collected: 12
2025-07-01 15:14:58,727 - INFO - User with most followers: VitalikButerin (5782773 followers)
2025-07-01 15:14:58,727 - INFO - Verified users: 10
2025-07-01 15:14:58,727 - INFO - Non-verified users: 2
2025-07-01 15:14:58,727 - INFO - Exported 12 users to /home/ec2-user/fullprogress1_21/fullprogress1_9/data/input/twitter_users.json
2025-07-01 15:14:58,727 - INFO - Database connection closed
2025-07-01 15:14:58,727 - INFO - Crawler finished, database connection closed (within run, export_json=True)
